Determining if the pthread_create exist failed with the following output:
Change Dir: /home/project/build/CMakeFiles/CMakeTmp

Run Build Command:"/usr/bin/make" "cmTC_9a785/fast"
/usr/bin/make -f CMakeFiles/cmTC_9a785.dir/build.make CMakeFiles/cmTC_9a785.dir/build
make[1]: Entering directory '/home/project/build/CMakeFiles/CMakeTmp'
Building C object CMakeFiles/cmTC_9a785.dir/CheckSymbolExists.c.o
/usr/bin/cc   -D_DEFAULT_SOURCE    -o CMakeFiles/cmTC_9a785.dir/CheckSymbolExists.c.o   -c /home/project/build/CMakeFiles/CMakeTmp/CheckSymbolExists.c
Linking C executable cmTC_9a785
/usr/bin/cmake -E cmake_link_script CMakeFiles/cmTC_9a785.dir/link.txt --verbose=1
/usr/bin/cc -D_DEFAULT_SOURCE     CMakeFiles/cmTC_9a785.dir/CheckSymbolExists.c.o  -o cmTC_9a785 
CMakeFiles/cmTC_9a785.dir/CheckSymbolExists.c.o: In function `main':
CheckSymbolExists.c:(.text+0x1b): undefined reference to `pthread_create'
collect2: error: ld returned 1 exit status
CMakeFiles/cmTC_9a785.dir/build.make:97: recipe for target 'cmTC_9a785' failed
make[1]: *** [cmTC_9a785] Error 1
make[1]: Leaving directory '/home/project/build/CMakeFiles/CMakeTmp'
Makefile:126: recipe for target 'cmTC_9a785/fast' failed
make: *** [cmTC_9a785/fast] Error 2

File /home/project/build/CMakeFiles/CMakeTmp/CheckSymbolExists.c:
/* */
#include <pthread.h>

int main(int argc, char** argv)
{
  (void)argv;
#ifndef pthread_create
  return ((int*)(&pthread_create))[argc];
#else
  (void)argc;
  return 0;
#endif
}

Determining if the function pthread_create exists in the pthreads failed with the following output:
Change Dir: /home/project/build/CMakeFiles/CMakeTmp

Run Build Command:"/usr/bin/make" "cmTC_9d11a/fast"
/usr/bin/make -f CMakeFiles/cmTC_9d11a.dir/build.make CMakeFiles/cmTC_9d11a.dir/build
make[1]: Entering directory '/home/project/build/CMakeFiles/CMakeTmp'
Building C object CMakeFiles/cmTC_9d11a.dir/CheckFunctionExists.c.o
/usr/bin/cc   -D_DEFAULT_SOURCE -DCHECK_FUNCTION_EXISTS=pthread_create   -o CMakeFiles/cmTC_9d11a.dir/CheckFunctionExists.c.o   -c /usr/share/cmake-3.10/Modules/CheckFunctionExists.c
Linking C executable cmTC_9d11a
/usr/bin/cmake -E cmake_link_script CMakeFiles/cmTC_9d11a.dir/link.txt --verbose=1
/usr/bin/cc -D_DEFAULT_SOURCE -DCHECK_FUNCTION_EXISTS=pthread_create    CMakeFiles/cmTC_9d11a.dir/CheckFunctionExists.c.o  -o cmTC_9d11a -lpthreads 
/usr/bin/ld: cannot find -lpthreads
collect2: error: ld returned 1 exit status
CMakeFiles/cmTC_9d11a.dir/build.make:97: recipe for target 'cmTC_9d11a' failed
make[1]: *** [cmTC_9d11a] Error 1
make[1]: Leaving directory '/home/project/build/CMakeFiles/CMakeTmp'
Makefile:126: recipe for target 'cmTC_9d11a/fast' failed
make: *** [cmTC_9d11a/fast] Error 2


